# JRE version: OpenJDK Runtime Environment (8.0_242-b01) (build 1.8.0_242-release-1644-b01)
# Java VM: OpenJDK 64-Bit Server VM (25.242-b01 mixed mode windows-amd64 compressed oops)
Heap:
 PSYoungGen      total 141824K, used 50800K [0x000000076ad80000, 0x0000000777900000, 0x00000007c0000000)
  eden space 131072K, 38% used [0x000000076ad80000,0x000000076df1c178,0x0000000772d80000)
  from space 10752K, 0% used [0x0000000772d80000,0x0000000772d80000,0x0000000773800000)
  to   space 10752K, 0% used [0x0000000776e80000,0x0000000776e80000,0x0000000777900000)
 ParOldGen       total 137728K, used 41714K [0x00000006c0800000, 0x00000006c8e80000, 0x000000076ad80000)
  object space 137728K, 30% used [0x00000006c0800000,0x00000006c30bcbd0,0x00000006c8e80000)
 Metaspace       used 38410K, capacity 38978K, committed 39296K, reserved 1083392K
  class space    used 4781K, capacity 4975K, committed 4992K, reserved 1048576K
GC Heap History (10 events):
Event: 0.635 GC heap before
{Heap before GC invocations=1 (full 0):
 PSYoungGen      total 76288K, used 65536K [0x000000076ad80000, 0x0000000770280000, 0x00000007c0000000)
  eden space 65536K, 100% used [0x000000076ad80000,0x000000076ed80000,0x000000076ed80000)
  from space 10752K, 0% used [0x000000076f800000,0x000000076f800000,0x0000000770280000)
  to   space 10752K, 0% used [0x000000076ed80000,0x000000076ed80000,0x000000076f800000)
 ParOldGen       total 175104K, used 0K [0x00000006c0800000, 0x00000006cb300000, 0x000000076ad80000)
  object space 175104K, 0% used [0x00000006c0800000,0x00000006c0800000,0x00000006cb300000)
 Metaspace       used 15798K, capacity 16050K, committed 16256K, reserved 1062912K
  class space    used 1796K, capacity 1867K, committed 1920K, reserved 1048576K
Event: 0.644 GC heap after
Heap after GC invocations=1 (full 0):
 PSYoungGen      total 76288K, used 10737K [0x000000076ad80000, 0x0000000774280000, 0x00000007c0000000)
  eden space 65536K, 0% used [0x000000076ad80000,0x000000076ad80000,0x000000076ed80000)
  from space 10752K, 99% used [0x000000076ed80000,0x000000076f7fc730,0x000000076f800000)
  to   space 10752K, 0% used [0x0000000773800000,0x0000000773800000,0x0000000774280000)
 ParOldGen       total 175104K, used 5267K [0x00000006c0800000, 0x00000006cb300000, 0x000000076ad80000)
  object space 175104K, 3% used [0x00000006c0800000,0x00000006c0d24c48,0x00000006cb300000)
 Metaspace       used 15798K, capacity 16050K, committed 16256K, reserved 1062912K
  class space    used 1796K, capacity 1867K, committed 1920K, reserved 1048576K
}
Event: 0.835 GC heap before
{Heap before GC invocations=2 (full 0):
 PSYoungGen      total 76288K, used 44323K [0x000000076ad80000, 0x0000000774280000, 0x00000007c0000000)
  eden space 65536K, 51% used [0x000000076ad80000,0x000000076ce4c780,0x000000076ed80000)
  from space 10752K, 99% used [0x000000076ed80000,0x000000076f7fc730,0x000000076f800000)
  to   space 10752K, 0% used [0x0000000773800000,0x0000000773800000,0x0000000774280000)
 ParOldGen       total 175104K, used 5267K [0x00000006c0800000, 0x00000006cb300000, 0x000000076ad80000)
  object space 175104K, 3% used [0x00000006c0800000,0x00000006c0d24c48,0x00000006cb300000)
 Metaspace       used 20712K, capacity 21128K, committed 21248K, reserved 1069056K
  class space    used 2366K, capacity 2536K, committed 2560K, reserved 1048576K
Event: 0.844 GC heap after
Heap after GC invocations=2 (full 0):
 PSYoungGen      total 141824K, used 10733K [0x000000076ad80000, 0x0000000774280000, 0x00000007c0000000)
  eden space 131072K, 0% used [0x000000076ad80000,0x000000076ad80000,0x0000000772d80000)
  from space 10752K, 99% used [0x0000000773800000,0x000000077427b790,0x0000000774280000)
  to   space 10752K, 0% used [0x0000000772d80000,0x0000000772d80000,0x0000000773800000)
 ParOldGen       total 175104K, used 17221K [0x00000006c0800000, 0x00000006cb300000, 0x000000076ad80000)
  object space 175104K, 9% used [0x00000006c0800000,0x00000006c18d1760,0x00000006cb300000)
 Metaspace       used 20712K, capacity 21128K, committed 21248K, reserved 1069056K
  class space    used 2366K, capacity 2536K, committed 2560K, reserved 1048576K
}
Event: 0.844 GC heap before
{Heap before GC invocations=3 (full 1):
 PSYoungGen      total 141824K, used 10733K [0x000000076ad80000, 0x0000000774280000, 0x00000007c0000000)
  eden space 131072K, 0% used [0x000000076ad80000,0x000000076ad80000,0x0000000772d80000)
  from space 10752K, 99% used [0x0000000773800000,0x000000077427b790,0x0000000774280000)
  to   space 10752K, 0% used [0x0000000772d80000,0x0000000772d80000,0x0000000773800000)
 ParOldGen       total 175104K, used 17221K [0x00000006c0800000, 0x00000006cb300000, 0x000000076ad80000)
  object space 175104K, 9% used [0x00000006c0800000,0x00000006c18d1760,0x00000006cb300000)
 Metaspace       used 20712K, capacity 21128K, committed 21248K, reserved 1069056K
  class space    used 2366K, capacity 2536K, committed 2560K, reserved 1048576K
Event: 0.875 GC heap after
Heap after GC invocations=3 (full 1):
 PSYoungGen      total 141824K, used 0K [0x000000076ad80000, 0x0000000774280000, 0x00000007c0000000)
  eden space 131072K, 0% used [0x000000076ad80000,0x000000076ad80000,0x0000000772d80000)
  from space 10752K, 0% used [0x0000000773800000,0x0000000773800000,0x0000000774280000)
  to   space 10752K, 0% used [0x0000000772d80000,0x0000000772d80000,0x0000000773800000)
 ParOldGen       total 137728K, used 22323K [0x00000006c0800000, 0x00000006c8e80000, 0x000000076ad80000)
  object space 137728K, 16% used [0x00000006c0800000,0x00000006c1dccfe8,0x00000006c8e80000)
 Metaspace       used 20712K, capacity 21128K, committed 21248K, reserved 1069056K
  class space    used 2366K, capacity 2536K, committed 2560K, reserved 1048576K
}
Event: 1.661 GC heap before
{Heap before GC invocations=4 (full 1):
 PSYoungGen      total 141824K, used 99398K [0x000000076ad80000, 0x0000000774280000, 0x00000007c0000000)
  eden space 131072K, 75% used [0x000000076ad80000,0x0000000770e91990,0x0000000772d80000)
  from space 10752K, 0% used [0x0000000773800000,0x0000000773800000,0x0000000774280000)
  to   space 10752K, 0% used [0x0000000772d80000,0x0000000772d80000,0x0000000773800000)
 ParOldGen       total 137728K, used 22323K [0x00000006c0800000, 0x00000006c8e80000, 0x000000076ad80000)
  object space 137728K, 16% used [0x00000006c0800000,0x00000006c1dccfe8,0x00000006c8e80000)
 Metaspace       used 34637K, capacity 35138K, committed 35416K, reserved 1081344K
  class space    used 4379K, capacity 4561K, committed 4608K, reserved 1048576K
Event: 1.675 GC heap after
Heap after GC invocations=4 (full 1):
 PSYoungGen      total 141824K, used 10728K [0x000000076ad80000, 0x0000000777900000, 0x00000007c0000000)
  eden space 131072K, 0% used [0x000000076ad80000,0x000000076ad80000,0x0000000772d80000)
  from space 10752K, 99% used [0x0000000772d80000,0x00000007737fa2a8,0x0000000773800000)
  to   space 10752K, 0% used [0x0000000776e80000,0x0000000776e80000,0x0000000777900000)
 ParOldGen       total 137728K, used 34528K [0x00000006c0800000, 0x00000006c8e80000, 0x000000076ad80000)
  object space 137728K, 25% used [0x00000006c0800000,0x00000006c29b80b0,0x00000006c8e80000)
 Metaspace       used 34637K, capacity 35138K, committed 35416K, reserved 1081344K
  class space    used 4379K, capacity 4561K, committed 4608K, reserved 1048576K
}
Event: 1.675 GC heap before
{Heap before GC invocations=5 (full 2):
 PSYoungGen      total 141824K, used 10728K [0x000000076ad80000, 0x0000000777900000, 0x00000007c0000000)
  eden space 131072K, 0% used [0x000000076ad80000,0x000000076ad80000,0x0000000772d80000)
  from space 10752K, 99% used [0x0000000772d80000,0x00000007737fa2a8,0x0000000773800000)
  to   space 10752K, 0% used [0x0000000776e80000,0x0000000776e80000,0x0000000777900000)
 ParOldGen       total 137728K, used 34528K [0x00000006c0800000, 0x00000006c8e80000, 0x000000076ad80000)
  object space 137728K, 25% used [0x00000006c0800000,0x00000006c29b80b0,0x00000006c8e80000)
 Metaspace       used 34637K, capacity 35138K, committed 35416K, reserved 1081344K
  class space    used 4379K, capacity 4561K, committed 4608K, reserved 1048576K
Event: 1.711 GC heap after
Heap after GC invocations=5 (full 2):
 PSYoungGen      total 141824K, used 0K [0x000000076ad80000, 0x0000000777900000, 0x00000007c0000000)
  eden space 131072K, 0% used [0x000000076ad80000,0x000000076ad80000,0x0000000772d80000)
  from space 10752K, 0% used [0x0000000772d80000,0x0000000772d80000,0x0000000773800000)
  to   space 10752K, 0% used [0x0000000776e80000,0x0000000776e80000,0x0000000777900000)
 ParOldGen       total 137728K, used 41714K [0x00000006c0800000, 0x00000006c8e80000, 0x000000076ad80000)
  object space 137728K, 30% used [0x00000006c0800000,0x00000006c30bcbd0,0x00000006c8e80000)
 Metaspace       used 34637K, capacity 35138K, committed 35416K, reserved 1081344K
  class space    used 4379K, capacity 4561K, committed 4608K, reserved 1048576K
}

