# JRE version: OpenJDK Runtime Environment (8.0_242-b01) (build 1.8.0_242-release-1644-b01)
# Java VM: OpenJDK 64-Bit Server VM (25.242-b01 mixed mode windows-amd64 compressed oops)
Heap:
 PSYoungGen      total 141824K, used 127324K [0x000000076ad80000, 0x0000000774280000, 0x00000007c0000000)
  eden space 131072K, 97% used [0x000000076ad80000,0x00000007729d7048,0x0000000772d80000)
  from space 10752K, 0% used [0x0000000772d80000,0x0000000772d80000,0x0000000773800000)
  to   space 10752K, 0% used [0x0000000773800000,0x0000000773800000,0x0000000774280000)
 ParOldGen       total 137728K, used 41723K [0x00000006c0800000, 0x00000006c8e80000, 0x000000076ad80000)
  object space 137728K, 30% used [0x00000006c0800000,0x00000006c30bed98,0x00000006c8e80000)
 Metaspace       used 43355K, capacity 44032K, committed 44416K, reserved 1087488K
  class space    used 5207K, capacity 5400K, committed 5504K, reserved 1048576K
GC Heap History (10 events):
Event: 0.706 GC heap before
{Heap before GC invocations=1 (full 0):
 PSYoungGen      total 76288K, used 65536K [0x000000076ad80000, 0x0000000770280000, 0x00000007c0000000)
  eden space 65536K, 100% used [0x000000076ad80000,0x000000076ed80000,0x000000076ed80000)
  from space 10752K, 0% used [0x000000076f800000,0x000000076f800000,0x0000000770280000)
  to   space 10752K, 0% used [0x000000076ed80000,0x000000076ed80000,0x000000076f800000)
 ParOldGen       total 175104K, used 0K [0x00000006c0800000, 0x00000006cb300000, 0x000000076ad80000)
  object space 175104K, 0% used [0x00000006c0800000,0x00000006c0800000,0x00000006cb300000)
 Metaspace       used 15788K, capacity 16050K, committed 16256K, reserved 1062912K
  class space    used 1798K, capacity 1867K, committed 1920K, reserved 1048576K
Event: 0.715 GC heap after
Heap after GC invocations=1 (full 0):
 PSYoungGen      total 76288K, used 10724K [0x000000076ad80000, 0x0000000774280000, 0x00000007c0000000)
  eden space 65536K, 0% used [0x000000076ad80000,0x000000076ad80000,0x000000076ed80000)
  from space 10752K, 99% used [0x000000076ed80000,0x000000076f7f9340,0x000000076f800000)
  to   space 10752K, 0% used [0x0000000773800000,0x0000000773800000,0x0000000774280000)
 ParOldGen       total 175104K, used 5122K [0x00000006c0800000, 0x00000006cb300000, 0x000000076ad80000)
  object space 175104K, 2% used [0x00000006c0800000,0x00000006c0d00b10,0x00000006cb300000)
 Metaspace       used 15788K, capacity 16050K, committed 16256K, reserved 1062912K
  class space    used 1798K, capacity 1867K, committed 1920K, reserved 1048576K
}
Event: 0.933 GC heap before
{Heap before GC invocations=2 (full 0):
 PSYoungGen      total 76288K, used 43000K [0x000000076ad80000, 0x0000000774280000, 0x00000007c0000000)
  eden space 65536K, 49% used [0x000000076ad80000,0x000000076cd04e28,0x000000076ed80000)
  from space 10752K, 99% used [0x000000076ed80000,0x000000076f7f9340,0x000000076f800000)
  to   space 10752K, 0% used [0x0000000773800000,0x0000000773800000,0x0000000774280000)
 ParOldGen       total 175104K, used 5122K [0x00000006c0800000, 0x00000006cb300000, 0x000000076ad80000)
  object space 175104K, 2% used [0x00000006c0800000,0x00000006c0d00b10,0x00000006cb300000)
 Metaspace       used 20685K, capacity 21126K, committed 21248K, reserved 1069056K
  class space    used 2365K, capacity 2535K, committed 2560K, reserved 1048576K
Event: 0.944 GC heap after
Heap after GC invocations=2 (full 0):
 PSYoungGen      total 141824K, used 10746K [0x000000076ad80000, 0x0000000774280000, 0x00000007c0000000)
  eden space 131072K, 0% used [0x000000076ad80000,0x000000076ad80000,0x0000000772d80000)
  from space 10752K, 99% used [0x0000000773800000,0x000000077427eb70,0x0000000774280000)
  to   space 10752K, 0% used [0x0000000772d80000,0x0000000772d80000,0x0000000773800000)
 ParOldGen       total 175104K, used 16860K [0x00000006c0800000, 0x00000006cb300000, 0x000000076ad80000)
  object space 175104K, 9% used [0x00000006c0800000,0x00000006c1877378,0x00000006cb300000)
 Metaspace       used 20685K, capacity 21126K, committed 21248K, reserved 1069056K
  class space    used 2365K, capacity 2535K, committed 2560K, reserved 1048576K
}
Event: 0.944 GC heap before
{Heap before GC invocations=3 (full 1):
 PSYoungGen      total 141824K, used 10746K [0x000000076ad80000, 0x0000000774280000, 0x00000007c0000000)
  eden space 131072K, 0% used [0x000000076ad80000,0x000000076ad80000,0x0000000772d80000)
  from space 10752K, 99% used [0x0000000773800000,0x000000077427eb70,0x0000000774280000)
  to   space 10752K, 0% used [0x0000000772d80000,0x0000000772d80000,0x0000000773800000)
 ParOldGen       total 175104K, used 16860K [0x00000006c0800000, 0x00000006cb300000, 0x000000076ad80000)
  object space 175104K, 9% used [0x00000006c0800000,0x00000006c1877378,0x00000006cb300000)
 Metaspace       used 20685K, capacity 21126K, committed 21248K, reserved 1069056K
  class space    used 2365K, capacity 2535K, committed 2560K, reserved 1048576K
Event: 0.981 GC heap after
Heap after GC invocations=3 (full 1):
 PSYoungGen      total 141824K, used 0K [0x000000076ad80000, 0x0000000774280000, 0x00000007c0000000)
  eden space 131072K, 0% used [0x000000076ad80000,0x000000076ad80000,0x0000000772d80000)
  from space 10752K, 0% used [0x0000000773800000,0x0000000773800000,0x0000000774280000)
  to   space 10752K, 0% used [0x0000000772d80000,0x0000000772d80000,0x0000000773800000)
 ParOldGen       total 137728K, used 22284K [0x00000006c0800000, 0x00000006c8e80000, 0x000000076ad80000)
  object space 137728K, 16% used [0x00000006c0800000,0x00000006c1dc3158,0x00000006c8e80000)
 Metaspace       used 20685K, capacity 21126K, committed 21248K, reserved 1069056K
  class space    used 2365K, capacity 2535K, committed 2560K, reserved 1048576K
}
Event: 2.014 GC heap before
{Heap before GC invocations=4 (full 1):
 PSYoungGen      total 141824K, used 95268K [0x000000076ad80000, 0x0000000774280000, 0x00000007c0000000)
  eden space 131072K, 72% used [0x000000076ad80000,0x0000000770a89360,0x0000000772d80000)
  from space 10752K, 0% used [0x0000000773800000,0x0000000773800000,0x0000000774280000)
  to   space 10752K, 0% used [0x0000000772d80000,0x0000000772d80000,0x0000000773800000)
 ParOldGen       total 137728K, used 22284K [0x00000006c0800000, 0x00000006c8e80000, 0x000000076ad80000)
  object space 137728K, 16% used [0x00000006c0800000,0x00000006c1dc3158,0x00000006c8e80000)
 Metaspace       used 34620K, capacity 35106K, committed 35416K, reserved 1081344K
  class space    used 4378K, capacity 4529K, committed 4608K, reserved 1048576K
Event: 2.030 GC heap after
Heap after GC invocations=4 (full 1):
 PSYoungGen      total 141824K, used 10723K [0x000000076ad80000, 0x0000000774280000, 0x00000007c0000000)
  eden space 131072K, 0% used [0x000000076ad80000,0x000000076ad80000,0x0000000772d80000)
  from space 10752K, 99% used [0x0000000772d80000,0x00000007737f8d58,0x0000000773800000)
  to   space 10752K, 0% used [0x0000000773800000,0x0000000773800000,0x0000000774280000)
 ParOldGen       total 137728K, used 34594K [0x00000006c0800000, 0x00000006c8e80000, 0x000000076ad80000)
  object space 137728K, 25% used [0x00000006c0800000,0x00000006c29c8b40,0x00000006c8e80000)
 Metaspace       used 34620K, capacity 35106K, committed 35416K, reserved 1081344K
  class space    used 4378K, capacity 4529K, committed 4608K, reserved 1048576K
}
Event: 2.030 GC heap before
{Heap before GC invocations=5 (full 2):
 PSYoungGen      total 141824K, used 10723K [0x000000076ad80000, 0x0000000774280000, 0x00000007c0000000)
  eden space 131072K, 0% used [0x000000076ad80000,0x000000076ad80000,0x0000000772d80000)
  from space 10752K, 99% used [0x0000000772d80000,0x00000007737f8d58,0x0000000773800000)
  to   space 10752K, 0% used [0x0000000773800000,0x0000000773800000,0x0000000774280000)
 ParOldGen       total 137728K, used 34594K [0x00000006c0800000, 0x00000006c8e80000, 0x000000076ad80000)
  object space 137728K, 25% used [0x00000006c0800000,0x00000006c29c8b40,0x00000006c8e80000)
 Metaspace       used 34620K, capacity 35106K, committed 35416K, reserved 1081344K
  class space    used 4378K, capacity 4529K, committed 4608K, reserved 1048576K
Event: 2.075 GC heap after
Heap after GC invocations=5 (full 2):
 PSYoungGen      total 141824K, used 0K [0x000000076ad80000, 0x0000000774280000, 0x00000007c0000000)
  eden space 131072K, 0% used [0x000000076ad80000,0x000000076ad80000,0x0000000772d80000)
  from space 10752K, 0% used [0x0000000772d80000,0x0000000772d80000,0x0000000773800000)
  to   space 10752K, 0% used [0x0000000773800000,0x0000000773800000,0x0000000774280000)
 ParOldGen       total 137728K, used 41723K [0x00000006c0800000, 0x00000006c8e80000, 0x000000076ad80000)
  object space 137728K, 30% used [0x00000006c0800000,0x00000006c30bed98,0x00000006c8e80000)
 Metaspace       used 34620K, capacity 35106K, committed 35416K, reserved 1081344K
  class space    used 4378K, capacity 4529K, committed 4608K, reserved 1048576K
}

